08/01/2023 - 16:05:39: window resized
08/01/2023 - 16:05:49: Player: ztdtwy - Damage Given
08/01/2023 - 16:05:49: -------------------------
08/01/2023 - 16:05:49: Player: ztdtwy - Damage Taken
08/01/2023 - 16:05:49: -------------------------
08/01/2023 - 16:05:49: Damage Taken from "BOT Kyle" - 92 in 3 hits
08/01/2023 - 16:05:53: Resource materials\panorama\images\icons\equipment\default.svg failed to load.
08/01/2023 - 16:06:00: Player: ztdtwy - Damage Given
08/01/2023 - 16:06:00: -------------------------
08/01/2023 - 16:06:00: Player: ztdtwy - Damage Taken
08/01/2023 - 16:06:00: -------------------------
08/01/2023 - 16:06:00: Damage Taken from "BOT Ridgway" - 47 in 2 hits
08/01/2023 - 16:06:46: Player: ztdtwy - Damage Given
08/01/2023 - 16:06:46: -------------------------
08/01/2023 - 16:06:46: Player: ztdtwy - Damage Taken
08/01/2023 - 16:06:46: -------------------------
08/01/2023 - 16:06:46: Damage Taken from "BOT Quade" - 67 in 3 hits
08/01/2023 - 16:07:00: Player: ztdtwy - Damage Given
08/01/2023 - 16:07:00: -------------------------
08/01/2023 - 16:07:00: Damage Given to "BOT Crusher" - 60 in 2 hits
08/01/2023 - 16:07:00: Player: ztdtwy - Damage Taken
08/01/2023 - 16:07:00: -------------------------
08/01/2023 - 16:07:00: Damage Taken from "BOT Crusher" - 94 in 4 hits
08/01/2023 - 16:07:00: Damage Taken from "BOT Quade" - 19 in 1 hit
08/01/2023 - 16:07:23: Player: ztdtwy - Damage Given
08/01/2023 - 16:07:23: -------------------------
08/01/2023 - 16:07:23: Damage Given to "BOT Kurt" - 42 in 3 hits
08/01/2023 - 16:07:23: Player: ztdtwy - Damage Taken
08/01/2023 - 16:07:23: -------------------------
08/01/2023 - 16:07:23: Damage Taken from "BOT Ridgway" - 54 in 2 hits
08/01/2023 - 16:07:23: Damage Taken from "BOT Kurt" - 10 in 1 hit
08/01/2023 - 16:08:09: Player: ztdtwy - Damage Given
08/01/2023 - 16:08:09: -------------------------
08/01/2023 - 16:08:09: Player: ztdtwy - Damage Taken
08/01/2023 - 16:08:09: -------------------------
08/01/2023 - 16:08:09: Damage Taken from "BOT Crusher" - 118 in 2 hits
08/01/2023 - 16:08:28: window resized
08/01/2023 - 16:08:35: window resized
08/01/2023 - 16:09:01: window resized
08/01/2023 - 16:11:27: window resized
08/01/2023 - 16:11:27: ChangeGameUIState: CSGO_GAME_UI_STATE_INGAME -> CSGO_GAME_UI_STATE_PAUSEMENU
08/01/2023 - 16:11:27: Resource materials\panorama\images\icons\ui\globe.svg failed to load.
08/01/2023 - 16:11:28: ChangeGameUIState: CSGO_GAME_UI_STATE_PAUSEMENU -> CSGO_GAME_UI_STATE_INGAME
08/01/2023 - 16:12:28: Player: ztdtwy - Damage Given
08/01/2023 - 16:12:28: -------------------------
08/01/2023 - 16:12:28: Player: ztdtwy - Damage Taken
08/01/2023 - 16:12:28: -------------------------
08/01/2023 - 16:12:28: Damage Taken from "BOT Ridgway" - 27 in 1 hit
08/01/2023 - 16:12:47: Player: ztdtwy - Damage Given
08/01/2023 - 16:12:47: -------------------------
08/01/2023 - 16:12:47: Damage Given to "BOT Crusher" - 190 in 4 hits
08/01/2023 - 16:12:47: Player: ztdtwy - Damage Taken
08/01/2023 - 16:12:47: -------------------------
08/01/2023 - 16:12:47: Damage Taken from "BOT Kurt" - 50 in 2 hits
08/01/2023 - 16:12:54: Player: ztdtwy - Damage Given
08/01/2023 - 16:12:54: -------------------------
08/01/2023 - 16:12:54: Player: ztdtwy - Damage Taken
08/01/2023 - 16:12:54: -------------------------
08/01/2023 - 16:12:54: Damage Taken from "BOT Quade" - 115 in 5 hits
08/01/2023 - 16:13:15: Player: ztdtwy - Damage Given
08/01/2023 - 16:13:15: -------------------------
08/01/2023 - 16:13:15: Player: ztdtwy - Damage Taken
08/01/2023 - 16:13:15: -------------------------
08/01/2023 - 16:13:15: Damage Taken from "BOT Ridgway" - 103 in 2 hits
08/01/2023 - 16:13:29: Player: ztdtwy - Damage Given
08/01/2023 - 16:13:29: -------------------------
08/01/2023 - 16:13:29: Damage Given to "BOT Ridgway" - 21 in 2 hits
08/01/2023 - 16:13:29: Player: ztdtwy - Damage Taken
08/01/2023 - 16:13:29: -------------------------
08/01/2023 - 16:13:29: Damage Taken from "BOT Ridgway" - 81 in 1 hit
08/01/2023 - 16:13:44: Player: ztdtwy - Damage Given
08/01/2023 - 16:13:44: -------------------------
08/01/2023 - 16:13:44: Player: ztdtwy - Damage Taken
08/01/2023 - 16:13:44: -------------------------
08/01/2023 - 16:13:44: Damage Taken from "BOT Kyle" - 44 in 2 hits
08/01/2023 - 16:14:03: Player: ztdtwy - Damage Given
08/01/2023 - 16:14:03: -------------------------
08/01/2023 - 16:14:03: Damage Given to "BOT Kyle" - 40 in 4 hits
08/01/2023 - 16:14:03: Player: ztdtwy - Damage Taken
08/01/2023 - 16:14:03: -------------------------
08/01/2023 - 16:14:03: Damage Taken from "BOT Kyle" - 106 in 4 hits
08/01/2023 - 16:14:14: Certificate expires in 19h34m at 1690991332 (current time 1690920852), will renew in 17h34m
08/01/2023 - 16:14:20: Player: ztdtwy - Damage Given
08/01/2023 - 16:14:20: -------------------------
08/01/2023 - 16:14:20: Player: ztdtwy - Damage Taken
08/01/2023 - 16:14:20: -------------------------
08/01/2023 - 16:14:20: Damage Taken from "BOT Quade" - 20 in 1 hit
08/01/2023 - 16:14:32: Player: ztdtwy - Damage Given
08/01/2023 - 16:14:32: -------------------------
08/01/2023 - 16:14:32: Player: ztdtwy - Damage Taken
08/01/2023 - 16:14:32: -------------------------
08/01/2023 - 16:14:32: Damage Taken from "BOT Quade" - 149 in 5 hits
08/01/2023 - 16:14:42: Player: ztdtwy - Damage Given
08/01/2023 - 16:14:42: -------------------------
08/01/2023 - 16:14:42: Damage Given to "BOT Kyle" - 54 in 2 hits
08/01/2023 - 16:14:42: Player: ztdtwy - Damage Taken
08/01/2023 - 16:14:42: -------------------------
08/01/2023 - 16:14:42: Damage Taken from "BOT Kyle" - 106 in 4 hits
08/01/2023 - 16:15:36: Going to intermission...
08/01/2023 - 16:15:36: CHANGELEVEL: Looking for next level in mapgroup 'mg_de_dust2'
08/01/2023 - 16:15:36: Looking for next map in mapgroup 'mg_de_dust2'...
08/01/2023 - 16:15:36: CHANGELEVEL: Choosing map 'de_dust2' (previous was de_dust2)
08/01/2023 - 16:15:36: Error reading file materials/panorama/images/ui_textures/flare.png.
08/01/2023 - 16:15:36: DispatchAsyncEvent backlog, failed to dispatch all this frame. 781 of 783 remaining
08/01/2023 - 16:15:36: DispatchAsyncEvent backlog, failed to dispatch all this frame. 806 of 808 remaining
08/01/2023 - 16:16:02: CHANGELEVEL: Looking for next level in mapgroup 'mg_de_dust2'
08/01/2023 - 16:16:02: Looking for next map in mapgroup 'mg_de_dust2'...
08/01/2023 - 16:16:02: CHANGELEVEL: Choosing map 'de_dust2' (previous was de_dust2)
08/01/2023 - 16:16:02: CHANGELEVEL: Not changing level, mp_match_end_restart is false, mp_match_end_changelevel is false and next is the same
08/01/2023 - 16:16:02: DispatchAsyncEvent backlog, failed to dispatch all this frame. 69 of 1452 remaining
08/01/2023 - 16:16:02: DispatchAsyncEvent backlog, failed to dispatch all this frame. 805 of 825 remaining
08/01/2023 - 16:16:02: DispatchAsyncEvent backlog, failed to dispatch all this frame. 52 of 1261 remaining
08/01/2023 - 16:16:02: 0:  Reinitialized 2 predictable entities
